<?xml version="1.0" encoding="UTF-8"?>
<!-- Generated by org.testng.reporters.JUnitReportReporter -->
<testsuite hostname="Simarpreet" failures="0" tests="1" name="com.TestNG.TestNGBasics" time="0.007" errors="0" timestamp="2021-12-09T18:38:29 EST" skipped="0">
  <testcase classname="com.TestNG.TestNGBasics" name="googleTitleTest" time="0.007"/>
  <system-out/>
</testsuite> <!-- com.TestNG.TestNGBasics -->
